[ 2018-03-20T09:57:37+08:00 ] 124.77.255.196 /%7BU('login/login')%7D
INFO: [ app_init ] --START--
INFO: Run Behavior\BuildLiteBehavior [ RunTime:0.000007s ]
INFO: [ app_init ] --END-- [ RunTime:0.000054s ]
ERR: 无法加载模块:{U('login

[ 2018-03-20T09:57:55+08:00 ] 124.77.255.196 /%7BU('home/login/login')%7D
INFO: [ app_init ] --START--
INFO: Run Behavior\BuildLiteBehavior [ RunTime:0.000007s ]
INFO: [ app_init ] --END-- [ RunTime:0.000052s ]
ERR: 无法加载模块:{U('home

[ 2018-03-20T09:58:06+08:00 ] 124.77.255.196 /%7BU('Home/login/login')%7D
INFO: [ app_init ] --START--
INFO: Run Behavior\BuildLiteBehavior [ RunTime:0.000007s ]
INFO: [ app_init ] --END-- [ RunTime:0.000059s ]
ERR: 无法加载模块:{U('Home

[ 2018-03-20T09:58:41+08:00 ] 124.77.255.196 /%7B:U('Home/login/login')%7D
INFO: [ app_init ] --START--
INFO: Run Behavior\BuildLiteBehavior [ RunTime:0.000007s ]
INFO: [ app_init ] --END-- [ RunTime:0.000052s ]
ERR: 无法加载模块:{:U('Home

[ 2018-03-20T10:02:10+08:00 ] 124.77.255.196 /%7B:U('home/login/login')%7D
INFO: [ app_init ] --START--
INFO: Run Behavior\BuildLiteBehavior [ RunTime:0.000006s ]
INFO: [ app_init ] --END-- [ RunTime:0.000049s ]
ERR: 无法加载模块:{:U('home

[ 2018-03-20T10:02:38+08:00 ] 124.77.255.196 /%7B:U('Home/Login/login')%7D
INFO: [ app_init ] --START--
INFO: Run Behavior\BuildLiteBehavior [ RunTime:0.000006s ]
INFO: [ app_init ] --END-- [ RunTime:0.000050s ]
ERR: 无法加载模块:{:U('Home

[ 2018-03-20T10:02:49+08:00 ] 124.77.255.196 /%7B:U('Home/Login/login')%7D
INFO: [ app_init ] --START--
INFO: Run Behavior\BuildLiteBehavior [ RunTime:0.000006s ]
INFO: [ app_init ] --END-- [ RunTime:0.000048s ]
ERR: 无法加载模块:{:U('Home

[ 2018-03-20T10:03:11+08:00 ] 124.77.255.196 /%7B:U('login/login')%7D
INFO: [ app_init ] --START--
INFO: Run Behavior\BuildLiteBehavior [ RunTime:0.000009s ]
INFO: [ app_init ] --END-- [ RunTime:0.000058s ]
ERR: 无法加载模块:{:U('login

[ 2018-03-20T10:03:40+08:00 ] 124.77.255.196 /%7B:U('/home/login/login')%7D
INFO: [ app_init ] --START--
INFO: Run Behavior\BuildLiteBehavior [ RunTime:0.000006s ]
INFO: [ app_init ] --END-- [ RunTime:0.000054s ]
ERR: 无法加载模块:{:U('

[ 2018-03-20T10:04:03+08:00 ] 124.77.255.196 /%7B:U('/home/login/login')%7D
INFO: [ app_init ] --START--
INFO: Run Behavior\BuildLiteBehavior [ RunTime:0.000008s ]
INFO: [ app_init ] --END-- [ RunTime:0.000082s ]
ERR: 无法加载模块:{:U('

[ 2018-03-20T10:04:14+08:00 ] 124.77.255.196 /%7B:U('home/login/login')%7D
INFO: [ app_init ] --START--
INFO: Run Behavior\BuildLiteBehavior [ RunTime:0.000006s ]
INFO: [ app_init ] --END-- [ RunTime:0.000050s ]
ERR: 无法加载模块:{:U('home

[ 2018-03-20T10:04:29+08:00 ] 124.77.255.196 /%7B:U(home/login/login)%7D
INFO: [ app_init ] --START--
INFO: Run Behavior\BuildLiteBehavior [ RunTime:0.000007s ]
INFO: [ app_init ] --END-- [ RunTime:0.000058s ]
ERR: 无法加载模块:{:U(home

[ 2018-03-20T10:05:09+08:00 ] 124.77.255.196 /%7B:U(home/login/login)%7D
INFO: [ app_init ] --START--
INFO: Run Behavior\BuildLiteBehavior [ RunTime:0.000007s ]
INFO: [ app_init ] --END-- [ RunTime:0.000052s ]
ERR: 无法加载模块:{:U(home

[ 2018-03-20T10:05:30+08:00 ] 124.77.255.196 /%7B:U(home/login/login)%7D
INFO: [ app_init ] --START--
INFO: Run Behavior\BuildLiteBehavior [ RunTime:0.000007s ]
INFO: [ app_init ] --END-- [ RunTime:0.000053s ]
ERR: 无法加载模块:{:U(home

[ 2018-03-20T10:06:21+08:00 ] 124.77.255.196 /login.html
INFO: [ app_init ] --START--
INFO: Run Behavior\BuildLiteBehavior [ RunTime:0.000008s ]
INFO: [ app_init ] --END-- [ RunTime:0.000053s ]
ERR: 无法加载模块:Login

[ 2018-03-20T10:06:26+08:00 ] 124.77.255.196 /login/
INFO: [ app_init ] --START--
INFO: Run Behavior\BuildLiteBehavior [ RunTime:0.000007s ]
INFO: [ app_init ] --END-- [ RunTime:0.000052s ]
ERR: 无法加载模块:Login

[ 2018-03-20T10:06:31+08:00 ] 124.77.255.196 /login/index
INFO: [ app_init ] --START--
INFO: Run Behavior\BuildLiteBehavior [ RunTime:0.000007s ]
INFO: [ app_init ] --END-- [ RunTime:0.000053s ]
ERR: 无法加载模块:Login

