[ 2018-03-14T14:28:30+08:00 ] 124.77.255.196 /favicon.ico
INFO: [ app_init ] --START--
INFO: Run Behavior\BuildLiteBehavior [ RunTime:0.000007s ]
INFO: [ app_init ] --END-- [ RunTime:0.000041s ]
ERR: 无法加载模块:Favicon

[ 2018-03-14T14:31:07+08:00 ] 124.77.255.196 /list
INFO: [ app_init ] --START--
INFO: Run Behavior\BuildLiteBehavior [ RunTime:0.000009s ]
INFO: [ app_init ] --END-- [ RunTime:0.000093s ]
ERR: 无法加载模块:List

[ 2018-03-14T14:31:11+08:00 ] 124.77.255.196 /list/index
INFO: [ app_init ] --START--
INFO: Run Behavior\BuildLiteBehavior [ RunTime:0.000007s ]
INFO: [ app_init ] --END-- [ RunTime:0.000050s ]
ERR: 无法加载模块:List

[ 2018-03-14T14:34:55+08:00 ] 124.77.255.196 /list/indexlist
INFO: [ app_init ] --START--
INFO: Run Behavior\BuildLiteBehavior [ RunTime:0.000006s ]
INFO: [ app_init ] --END-- [ RunTime:0.000048s ]
ERR: 无法加载模块:List

[ 2018-03-14T15:48:47+08:00 ] 124.77.255.196 /glist/1/1
INFO: [ app_init ] --START--
INFO: Run Behavior\BuildLiteBehavior [ RunTime:0.000007s ]
INFO: [ app_init ] --END-- [ RunTime:0.000053s ]
NOTIC: [2] preg_match(): Unknown modifier ':' /data/www/tpRouter/ThinkPHP/Library/Think/Route.class.php 第 58 行.
ERR: 无法加载模块:Glist

[ 2018-03-14T15:52:12+08:00 ] 124.77.255.196 /list/indexlist
INFO: [ app_init ] --START--
INFO: Run Behavior\BuildLiteBehavior [ RunTime:0.000006s ]
INFO: [ app_init ] --END-- [ RunTime:0.000063s ]
ERR: 无法加载模块:List

[ 2018-03-14T16:03:26+08:00 ] 124.77.255.196 /glist/cate_id/1/status/1
INFO: [ app_init ] --START--
INFO: Run Behavior\BuildLiteBehavior [ RunTime:0.000008s ]
INFO: [ app_init ] --END-- [ RunTime:0.000044s ]
ERR: 无法加载模块:Glist

[ 2018-03-14T16:06:07+08:00 ] 124.77.255.196 /glist/cate_id/1/status/1
INFO: [ app_init ] --START--
INFO: Run Behavior\BuildLiteBehavior [ RunTime:0.000007s ]
INFO: [ app_init ] --END-- [ RunTime:0.000054s ]
ERR: 无法加载模块:Glist

[ 2018-03-14T16:06:53+08:00 ] 124.77.255.196 /glist/cate_id/1/status/1
INFO: [ app_init ] --START--
INFO: Run Behavior\BuildLiteBehavior [ RunTime:0.000008s ]
INFO: [ app_init ] --END-- [ RunTime:0.000055s ]
ERR: 无法加载模块:Glist

[ 2018-03-14T16:06:57+08:00 ] 124.77.255.196 /glist/cate_id/1/status/1
INFO: [ app_init ] --START--
INFO: Run Behavior\BuildLiteBehavior [ RunTime:0.000007s ]
INFO: [ app_init ] --END-- [ RunTime:0.000052s ]
ERR: 无法加载模块:Glist

[ 2018-03-14T16:06:58+08:00 ] 124.77.255.196 /glist/cate_id/1/status/1
INFO: [ app_init ] --START--
INFO: Run Behavior\BuildLiteBehavior [ RunTime:0.000006s ]
INFO: [ app_init ] --END-- [ RunTime:0.000042s ]
ERR: 无法加载模块:Glist

[ 2018-03-14T16:07:32+08:00 ] 124.77.255.196 /new/top/cate_id/1/status/1
INFO: [ app_init ] --START--
INFO: Run Behavior\BuildLiteBehavior [ RunTime:0.000007s ]
INFO: [ app_init ] --END-- [ RunTime:0.000056s ]
ERR: 无法加载模块:New

[ 2018-03-14T16:17:22+08:00 ] 124.77.255.196 /glist/cate_id/1/status/1
INFO: [ app_init ] --START--
INFO: Run Behavior\BuildLiteBehavior [ RunTime:0.000008s ]
INFO: [ app_init ] --END-- [ RunTime:0.000058s ]
NOTIC: [2] preg_match(): Unknown modifier ':' /data/www/tpRouter/ThinkPHP/Library/Think/Route.class.php 第 58 行.
ERR: 无法加载模块:Glist

[ 2018-03-14T16:17:34+08:00 ] 124.77.255.196 /glist/cate_id/1/status/1
INFO: [ app_init ] --START--
INFO: Run Behavior\BuildLiteBehavior [ RunTime:0.000007s ]
INFO: [ app_init ] --END-- [ RunTime:0.000054s ]
NOTIC: [2] preg_match(): Unknown modifier ':' /data/www/tpRouter/ThinkPHP/Library/Think/Route.class.php 第 58 行.
ERR: 无法加载模块:Glist

[ 2018-03-14T16:25:57+08:00 ] 124.77.255.196 /glist/cate_id/1/status/1
INFO: [ app_init ] --START--
INFO: Run Behavior\BuildLiteBehavior [ RunTime:0.000008s ]
INFO: [ app_init ] --END-- [ RunTime:0.000045s ]
ERR: 无法加载模块:Glist

[ 2018-03-14T16:26:22+08:00 ] 124.77.255.196 /glist/cate_id/1/status/1
INFO: [ app_init ] --START--
INFO: Run Behavior\BuildLiteBehavior [ RunTime:0.000008s ]
INFO: [ app_init ] --END-- [ RunTime:0.000045s ]
ERR: 无法加载模块:Glist

[ 2018-03-14T16:28:19+08:00 ] 124.77.255.196 /glist/cate_id/1/status/1
INFO: [ app_init ] --START--
INFO: Run Behavior\BuildLiteBehavior [ RunTime:0.000007s ]
INFO: [ app_init ] --END-- [ RunTime:0.000047s ]
ERR: 无法加载模块:1

[ 2018-03-14T16:29:15+08:00 ] 124.77.255.196 /glist/cate_id/1/status/1
INFO: [ app_init ] --START--
INFO: Run Behavior\BuildLiteBehavior [ RunTime:0.000007s ]
INFO: [ app_init ] --END-- [ RunTime:0.000057s ]
ERR: 无法加载模块:Glist

[ 2018-03-14T16:29:19+08:00 ] 124.77.255.196 /glist/cate_id/1/status/1
INFO: [ app_init ] --START--
INFO: Run Behavior\BuildLiteBehavior [ RunTime:0.000008s ]
INFO: [ app_init ] --END-- [ RunTime:0.000055s ]
ERR: 无法加载模块:Glist

[ 2018-03-14T16:33:59+08:00 ] 124.77.255.196 /glist/cate_id/ds/status/1
INFO: [ app_init ] --START--
INFO: Run Behavior\BuildLiteBehavior [ RunTime:0.000007s ]
INFO: [ app_init ] --END-- [ RunTime:0.000042s ]
ERR: 无法加载模块:Glist

[ 2018-03-14T16:40:07+08:00 ] 124.77.255.196 /glist/cate_id/1/status/1
INFO: [ app_init ] --START--
INFO: Run Behavior\BuildLiteBehavior [ RunTime:0.000008s ]
INFO: [ app_init ] --END-- [ RunTime:0.000045s ]
ERR: 无法加载模块:Glist

[ 2018-03-14T20:11:41+08:00 ] 103.35.74.164 /robots.txt
INFO: [ app_init ] --START--
INFO: Run Behavior\BuildLiteBehavior [ RunTime:0.000007s ]
INFO: [ app_init ] --END-- [ RunTime:0.000052s ]
ERR: 无法加载模块:Robots

[ 2018-03-14T20:11:43+08:00 ] 103.35.74.164 /favicon.ico
INFO: [ app_init ] --START--
INFO: Run Behavior\BuildLiteBehavior [ RunTime:0.000007s ]
INFO: [ app_init ] --END-- [ RunTime:0.000053s ]
ERR: 无法加载模块:Favicon

